# JRE version: OpenJDK Runtime Environment Temurin-17.0.6+10 (17.0.6+10) (build 17.0.6+10)
# Java VM: OpenJDK 64-Bit Server VM Temurin-17.0.6+10 (17.0.6+10, mixed mode, emulated-client, tiered, compressed oops, compressed class ptrs, g1 gc, windows-amd64)
GC Precious Log:
 CPUs: 8 total, 8 available
 Memory: 3967M
 Large Page Support: Disabled
 NUMA Support: Disabled
 Compressed Oops: Enabled (32-bit)
 Heap Region Size: 1M
 Heap Min Capacity: 8M
 Heap Initial Capacity: 62M
 Heap Max Capacity: 992M
 Pre-touch: Disabled
 Parallel Workers: 8
 Concurrent Workers: 2
 Concurrent Refinement Workers: 8
 Periodic GC: Disabled
Heap:
 garbage-first heap   total 37888K, used 14783K [0x00000000c2000000, 0x0000000100000000)
  region size 1024K, 5 young (5120K), 2 survivors (2048K)
 Metaspace       used 28262K, committed 28544K, reserved 1081344K
  class space    used 3433K, committed 3584K, reserved 1048576K
GC Heap History (10 events):
Event: 2.712 GC heap before
{Heap before GC invocations=0 (full 0):
 garbage-first heap   total 63488K, used 23552K [0x00000000c2000000, 0x0000000100000000)
  region size 1024K, 23 young (23552K), 0 survivors (0K)
 Metaspace       used 16149K, committed 16448K, reserved 1064960K
  class space    used 1733K, committed 1856K, reserved 1048576K
}
Event: 2.737 GC heap after
{Heap after GC invocations=1 (full 0):
 garbage-first heap   total 63488K, used 7616K [0x00000000c2000000, 0x0000000100000000)
  region size 1024K, 3 young (3072K), 3 survivors (3072K)
 Metaspace       used 16149K, committed 16448K, reserved 1064960K
  class space    used 1733K, committed 1856K, reserved 1048576K
}
Event: 4.096 GC heap before
{Heap before GC invocations=1 (full 0):
 garbage-first heap   total 63488K, used 28096K [0x00000000c2000000, 0x0000000100000000)
  region size 1024K, 24 young (24576K), 3 survivors (3072K)
 Metaspace       used 20027K, committed 20352K, reserved 1073152K
  class space    used 2330K, committed 2496K, reserved 1048576K
}
Event: 4.104 GC heap after
{Heap after GC invocations=2 (full 0):
 garbage-first heap   total 63488K, used 9866K [0x00000000c2000000, 0x0000000100000000)
  region size 1024K, 2 young (2048K), 2 survivors (2048K)
 Metaspace       used 20027K, committed 20352K, reserved 1073152K
  class space    used 2330K, committed 2496K, reserved 1048576K
}
Event: 4.328 GC heap before
{Heap before GC invocations=2 (full 0):
 garbage-first heap   total 63488K, used 14986K [0x00000000c2000000, 0x0000000100000000)
  region size 1024K, 8 young (8192K), 2 survivors (2048K)
 Metaspace       used 21255K, committed 21504K, reserved 1073152K
  class space    used 2492K, committed 2624K, reserved 1048576K
}
Event: 4.334 GC heap after
{Heap after GC invocations=3 (full 0):
 garbage-first heap   total 63488K, used 9883K [0x00000000c2000000, 0x0000000100000000)
  region size 1024K, 2 young (2048K), 2 survivors (2048K)
 Metaspace       used 21255K, committed 21504K, reserved 1073152K
  class space    used 2492K, committed 2624K, reserved 1048576K
}
Event: 5.169 GC heap before
{Heap before GC invocations=4 (full 0):
 garbage-first heap   total 37888K, used 28315K [0x00000000c2000000, 0x0000000100000000)
  region size 1024K, 21 young (21504K), 2 survivors (2048K)
 Metaspace       used 24734K, committed 25024K, reserved 1073152K
  class space    used 3079K, committed 3200K, reserved 1048576K
}
Event: 5.175 GC heap after
{Heap after GC invocations=5 (full 0):
 garbage-first heap   total 37888K, used 11177K [0x00000000c2000000, 0x0000000100000000)
  region size 1024K, 4 young (4096K), 4 survivors (4096K)
 Metaspace       used 24734K, committed 25024K, reserved 1073152K
  class space    used 3079K, committed 3200K, reserved 1048576K
}
Event: 5.785 GC heap before
{Heap before GC invocations=5 (full 0):
 garbage-first heap   total 37888K, used 26537K [0x00000000c2000000, 0x0000000100000000)
  region size 1024K, 20 young (20480K), 4 survivors (4096K)
 Metaspace       used 27974K, committed 28288K, reserved 1081344K
  class space    used 3400K, committed 3584K, reserved 1048576K
}
Event: 5.792 GC heap after
{Heap after GC invocations=6 (full 0):
 garbage-first heap   total 37888K, used 12735K [0x00000000c2000000, 0x0000000100000000)
  region size 1024K, 2 young (2048K), 2 survivors (2048K)
 Metaspace       used 27974K, committed 28288K, reserved 1081344K
  class space    used 3400K, committed 3584K, reserved 1048576K
}

